<?xml version="1.0" encoding="UTF-8"?>
<robot generator="Robot 6.0.2 (Python 3.11.1 on darwin)" generated="20230317 22:34:22.955" rpa="false" schemaversion="3">
<suite id="s1" name="Tests" source="/Users/zacharysanchez/PycharmProjects/WikiRobotFrame/tests">
<suite id="s1-s1" name="Test Saving Wiki Articles" source="/Users/zacharysanchez/PycharmProjects/WikiRobotFrame/tests/test_saving_wiki_articles.robot">
<test id="s1-s1-t1" name="End To End Topic Search/Bookmark Validation" line="29">
<kw name="Open Browser With url" library="Generic" type="SETUP">
<kw name="Create Webdriver" library="SeleniumLibrary">
<arg>${browser_name}</arg>
<arg>executable_path=resources/${browser_name}</arg>
<doc>Creates an instance of Selenium WebDriver.</doc>
<msg timestamp="20230317 22:34:23.060" level="INFO">Creating an instance of the Firefox WebDriver.</msg>
<status status="PASS" starttime="20230317 22:34:23.060" endtime="20230317 22:34:26.675"/>
</kw>
<kw name="Go To" library="SeleniumLibrary">
<arg>${url}</arg>
<doc>Navigates the current browser window to the provided ``url``.</doc>
<msg timestamp="20230317 22:34:26.676" level="INFO">Opening url 'https://www.wikipedia.org/'</msg>
<status status="PASS" starttime="20230317 22:34:26.675" endtime="20230317 22:34:27.520"/>
</kw>
<status status="PASS" starttime="20230317 22:34:23.060" endtime="20230317 22:34:27.520"/>
</kw>
<kw name="Validate And Select Available Language" library="LanguagePage">
<arg>${language_choice}</arg>
<kw name="Wait Until Element Passed Is Visible" library="Generic">
<arg>${language_links}</arg>
<kw name="Wait Until Element Is Visible" library="SeleniumLibrary">
<arg>${page_locator}</arg>
<doc>Waits until the element ``locator`` is visible.</doc>
<status status="PASS" starttime="20230317 22:34:27.521" endtime="20230317 22:34:27.550"/>
</kw>
<status status="PASS" starttime="20230317 22:34:27.521" endtime="20230317 22:34:27.550"/>
</kw>
<kw name="Page Should Contain" library="SeleniumLibrary">
<arg>${language_choice}</arg>
<doc>Verifies that current page contains ``text``.</doc>
<msg timestamp="20230317 22:34:27.561" level="INFO">Current page contains text 'English'.</msg>
<status status="PASS" starttime="20230317 22:34:27.550" endtime="20230317 22:34:27.561"/>
</kw>
<kw name="Click Element" library="SeleniumLibrary">
<arg>xpath://div/a[strong='${language_choice}']</arg>
<doc>Click the element identified by ``locator``.</doc>
<msg timestamp="20230317 22:34:27.562" level="INFO">Clicking element 'xpath://div/a[strong='English']'.</msg>
<status status="PASS" starttime="20230317 22:34:27.561" endtime="20230317 22:34:29.730"/>
</kw>
<status status="PASS" starttime="20230317 22:34:27.520" endtime="20230317 22:34:29.730"/>
</kw>
<kw name="Click Link To Open Login Form" library="MainPage">
<kw name="Wait Until Element Passed Is Visible" library="Generic">
<arg>${featured_articles}</arg>
<kw name="Wait Until Element Is Visible" library="SeleniumLibrary">
<arg>${page_locator}</arg>
<doc>Waits until the element ``locator`` is visible.</doc>
<status status="PASS" starttime="20230317 22:34:29.731" endtime="20230317 22:34:29.757"/>
</kw>
<status status="PASS" starttime="20230317 22:34:29.731" endtime="20230317 22:34:29.757"/>
</kw>
<kw name="Click Element" library="SeleniumLibrary">
<arg>${go_to_login_page}</arg>
<doc>Click the element identified by ``locator``.</doc>
<msg timestamp="20230317 22:34:29.758" level="INFO">Clicking element 'css:#pt-login-2'.</msg>
<status status="PASS" starttime="20230317 22:34:29.757" endtime="20230317 22:34:31.094"/>
</kw>
<status status="PASS" starttime="20230317 22:34:29.730" endtime="20230317 22:34:31.094"/>
</kw>
<kw name="Fill The Login Form And Submit" library="LoginPage">
<arg>${user_name}</arg>
<arg>${valid_pass}</arg>
<kw name="Input Text" library="SeleniumLibrary">
<arg>css:#wpName1</arg>
<arg>${username}</arg>
<doc>Types the given ``text`` into the text field identified by ``locator``.</doc>
<msg timestamp="20230317 22:34:31.094" level="INFO">Typing text 'YellowIstari' into text field 'css:#wpName1'.</msg>
<status status="PASS" starttime="20230317 22:34:31.094" endtime="20230317 22:34:31.159"/>
</kw>
<kw name="Input Password" library="SeleniumLibrary">
<arg>css:#wpPassword1</arg>
<arg>${password}</arg>
<doc>Types the given password into the text field identified by ``locator``.</doc>
<msg timestamp="20230317 22:34:31.160" level="INFO">Typing password into text field 'css:#wpPassword1'.</msg>
<msg timestamp="20230317 22:34:31.171" level="INFO">Temporally setting log level to: NONE</msg>
<msg timestamp="20230317 22:34:31.182" level="INFO">Log level changed from NONE to INFO.</msg>
<status status="PASS" starttime="20230317 22:34:31.160" endtime="20230317 22:34:31.182"/>
</kw>
<kw name="Click Button" library="SeleniumLibrary">
<arg>${login_button}</arg>
<doc>Clicks the button identified by ``locator``.</doc>
<msg timestamp="20230317 22:34:31.183" level="INFO">Clicking button 'css:#wpLoginAttempt'.</msg>
<status status="PASS" starttime="20230317 22:34:31.182" endtime="20230317 22:34:34.594"/>
</kw>
<status status="PASS" starttime="20230317 22:34:31.094" endtime="20230317 22:34:34.594"/>
</kw>
<kw name="Search Topics And Save To Watchlist" library="Search">
<arg>${topic_list}</arg>
<msg timestamp="20230317 22:34:34.595" level="INFO">Typing text 'Francisco Goya' into text field 'css:#searchInput'.</msg>
<msg timestamp="20230317 22:34:35.058" level="INFO">Clicking button 'xpath://form[@id='searchform']/div/button'.</msg>
<msg timestamp="20230317 22:34:57.234" level="FAIL">Element 'xpath://ul/li[@id='ca-watch']/a' did not appear in 20 seconds.</msg>
<status status="FAIL" starttime="20230317 22:34:34.594" endtime="20230317 22:34:57.240"/>
</kw>
<kw name="Verify Topics Are Saved And Logout" library="WatchlistPage">
<status status="NOT RUN" starttime="20230317 22:34:57.241" endtime="20230317 22:34:57.242"/>
</kw>
<kw name="Close Browser Session" library="Generic" type="TEARDOWN">
<kw name="Delete All Cookies" library="SeleniumLibrary">
<doc>Deletes all cookies.</doc>
<status status="PASS" starttime="20230317 22:34:57.243" endtime="20230317 22:34:57.261"/>
</kw>
<kw name="Close Browser" library="SeleniumLibrary">
<doc>Closes the current browser.</doc>
<status status="PASS" starttime="20230317 22:34:57.261" endtime="20230317 22:34:58.339"/>
</kw>
<status status="PASS" starttime="20230317 22:34:57.242" endtime="20230317 22:34:58.339"/>
</kw>
<tag>REGRESSION</tag>
<status status="FAIL" starttime="20230317 22:34:23.059" endtime="20230317 22:34:58.339">Element 'xpath://ul/li[@id='ca-watch']/a' did not appear in 20 seconds.</status>
</test>
<doc>To validate the Login form</doc>
<status status="FAIL" starttime="20230317 22:34:22.964" endtime="20230317 22:34:58.340"/>
</suite>
<status status="FAIL" starttime="20230317 22:34:22.958" endtime="20230317 22:34:58.341"/>
</suite>
<statistics>
<total>
<stat pass="0" fail="1" skip="0">All Tests</stat>
</total>
<tag>
<stat pass="0" fail="1" skip="0">REGRESSION</stat>
</tag>
<suite>
<stat pass="0" fail="1" skip="0" id="s1" name="Tests">Tests</stat>
<stat pass="0" fail="1" skip="0" id="s1-s1" name="Test Saving Wiki Articles">Tests.Test Saving Wiki Articles</stat>
</suite>
</statistics>
<errors>
</errors>
</robot>
